"../../../SlamBot/Content/StarterContent/Blueprints/Assets/FogBrightnessLUT.uasset" 0
"../../../SlamBot/Content/StarterContent/Blueprints/Assets/SunlightColorLUT.uasset" 1
"../../../SlamBot/Content/StarterContent/Blueprints/Assets/M_LightStage_Arrows.uasset" 2
"../../../Engine/Content/MapTemplates/Sky/DaylightAmbientCubemap.uasset" 3
"../../../SlamBot/Content/StarterContent/Blueprints/Assets/M_LightStage_Skybox_Master.uasset" 4
"../../../SlamBot/Content/StarterContent/Blueprints/Assets/M_LightStage_Skybox_Black.uasset" 5
"../../../SlamBot/Content/StarterContent/Blueprints/Assets/M_LightStage_Skybox_HDRI.uasset" 6
"../../../Engine/Content/EditorMaterials/Thumbnails/SkySphereMaterial.uasset" 7
"../../../SlamBot/Content/StarterContent/Blueprints/Assets/Skybox.uasset" 8
"../../../Engine/Content/Functions/Engine_MaterialFunctions01/Opacity/CameraDepthFade.uasset" 9
"../../../Engine/Content/EngineMaterials/T_Default_Material_Grid_M.uasset" 10
"../../../Engine/Content/EngineMaterials/T_Default_Material_Grid_N.uasset" 11
"../../../Engine/Content/EngineMaterials/WorldGridMaterial.uasset" 12
"../../../SlamBot/Content/StarterContent/Blueprints/Assets/SM_Arrows.uasset" 13
"../../../SlamBot/Content/StarterContent/HDRI/HDRI_Epic_Courtyard_Daylight.uasset" 14
"../../../SlamBot/Content/StarterContent/Blueprints/BP_LightStudio.uasset" 15
"../../../SlamBot/Content/StarterContent/Materials/M_AssetPlatform.uasset" 16
"../../../Engine/Content/EditorMeshes/ColorCalibrator/M_ChromeBall.uasset" 17
"../../../Engine/Content/EditorMeshes/ColorCalibrator/M_ClearCoat.uasset" 18
"../../../Engine/Content/EditorMeshes/ColorCalibrator/M_ClearCoatBlack.uasset" 19
"../../../Engine/Content/EditorMeshes/ColorCalibrator/T_ColorGrid.uasset" 20
"../../../Engine/Content/EditorMeshes/ColorCalibrator/M_ColorGrid.uasset" 21
"../../../Engine/Content/EditorMeshes/ColorCalibrator/M_GreyBall.uasset" 22
"../../../Engine/Content/EditorMeshes/ColorCalibrator/SM_ColorCalibrator.uasset" 23
"../../../SlamBot/Content/StarterContent/Architecture/SM_AssetPlatform.uasset" 24
"../../../SlamBot/Content/StarterContent/Maps/Advanced_Lighting.umap" 25
"../../../Engine/Content/EditorBlueprintResources/StandardMacros.uasset" 26
"../../../Engine/Content/EngineSky/C_Sky_Cloud_Color.uasset" 27
"../../../Engine/Content/EngineSky/C_Sky_Horizon_Color.uasset" 28
"../../../Engine/Content/EngineSky/C_Sky_Zenith_Color.uasset" 29
"../../../Engine/Content/EngineSky/T_Sky_Blue.uasset" 30
"../../../Engine/Content/EngineSky/T_Sky_Clouds_M.uasset" 31
"../../../Engine/Content/EngineSky/T_Sky_Stars.uasset" 32
"../../../Engine/Content/EngineSky/SM_SkySphere.uasset" 33
"../../../Engine/Content/EngineSky/M_Sky_Panning_Clouds2.uasset" 34
"../../../Engine/Content/EngineSky/BP_Sky_Sphere.uasset" 35
"../../../Engine/Content/EditorMaterials/Cascade/CASC_Cross.uasset" 36
"../../../Engine/Content/EditorMaterials/Cascade/CASC_None.uasset" 37
"../../../Engine/Content/Functions/Engine_MaterialFunctions03/Blends/Blend_Overlay.uasset" 38
"../../../SlamBot/Content/GTFreeMaterials/Textures/brick_ancientDiagonal/brick_ancientDiagonal_2k_alb.uasset" 39
"../../../SlamBot/Content/GTFreeMaterials/Textures/brick_ancientDiagonal/brick_ancientDiagonal_2k_n.uasset" 40
"../../../SlamBot/Content/GTFreeMaterials/Textures/Concrete_Square/Concrete_Square_2k_h.uasset" 41
"../../../SlamBot/Content/GTFreeMaterials/Textures/T_MacroVariation2.uasset" 42
"../../../SlamBot/Content/GTFreeMaterials/Materials/brick_ancientDiagonal.uasset" 43
"../../../SlamBot/Content/GTFreeMaterials/Textures/Brick_BathStone/Brick_BathStone_2k_alb.uasset" 44
"../../../SlamBot/Content/GTFreeMaterials/Textures/Brick_BathStone/Brick_BathStone_2k_ao.uasset" 45
"../../../SlamBot/Content/GTFreeMaterials/Textures/Brick_BathStone/Brick_BathStone_2k_n.uasset" 46
"../../../SlamBot/Content/GTFreeMaterials/Materials/Brick_BathStone.uasset" 47
"../../../SlamBot/Content/GTFreeMaterials/Textures/Brick_GuiBigCastleWall/Brick_GuiBigCastleWall_2k_alb.uasset" 48
"../../../SlamBot/Content/GTFreeMaterials/Textures/Brick_GuiBigCastleWall/Brick_GuiBigCastleWall_2k_h.uasset" 49
"../../../SlamBot/Content/GTFreeMaterials/Textures/Brick_GuiBigCastleWall/Brick_GuiBigCastleWall_2k_n.uasset" 50
"../../../SlamBot/Content/GTFreeMaterials/Textures/Brick_GuiBigCastleWall/Brick_GuiBigCastleWall_2k_s.uasset" 51
"../../../SlamBot/Content/GTFreeMaterials/Materials/Brick_GuiBigCastleWall.uasset" 52
"../../../SlamBot/Content/GTFreeMaterials/Textures/brick_guiGen/brick_guiGen_2k_d.uasset" 53
"../../../SlamBot/Content/GTFreeMaterials/Textures/brick_guiGen/brick_guiGen_2k_n.uasset" 54
"../../../SlamBot/Content/GTFreeMaterials/Textures/brick_guiGen/brick_guiGen_2k_s.uasset" 55
"../../../SlamBot/Content/GTFreeMaterials/Materials/brick_guiGen.uasset" 56
"../../../SlamBot/Content/GTFreeMaterials/Textures/Ground_Dirt/Ground_Dirt_2k_alb.uasset" 57
"../../../SlamBot/Content/GTFreeMaterials/Textures/Ground_Dirt/Ground_Dirt_2k_n.uasset" 58
"../../../SlamBot/Content/GTFreeMaterials/Textures/Ground_Dirt/Ground_Dirt_2k_s.uasset" 59
"../../../SlamBot/Content/GTFreeMaterials/Materials/Ground_Dirt.uasset" 60
"../../../SlamBot/Content/GTFreeMaterials/Textures/Ground_DirtBrownTan/Ground_DirtBrownTan_2k_alb.uasset" 61
"../../../SlamBot/Content/GTFreeMaterials/Textures/Ground_DirtBrownTan/Ground_DirtBrownTan_2k_g.uasset" 62
"../../../SlamBot/Content/GTFreeMaterials/Textures/Ground_DirtBrownTan/Ground_DirtBrownTan_2k_n.uasset" 63
"../../../SlamBot/Content/GTFreeMaterials/Materials/Ground_DirtBrownTan.uasset" 64
"../../../SlamBot/Content/GTFreeMaterials/Textures/Ground_GrassThickGreen/Ground_GrassThickGreen_2k_alb.uasset" 65
"../../../SlamBot/Content/GTFreeMaterials/Textures/Ground_GrassThickGreen/Ground_GrassThickGreen_2k_g.uasset" 66
"../../../SlamBot/Content/GTFreeMaterials/Textures/Ground_GrassThickGreen/Ground_GrassThickGreen_2k_h1.uasset" 67
"../../../SlamBot/Content/GTFreeMaterials/Textures/Ground_GrassThickGreen/Ground_GrassThickGreen_2k_n.uasset" 68
"../../../SlamBot/Content/GTFreeMaterials/Materials/Ground_GrassThickGreen.uasset" 69
"../../../SlamBot/Content/GTFreeMaterials/Textures/Ground_guiFloodedMud/Ground_guiFloodedMud_2k_alb.uasset" 70
"../../../SlamBot/Content/GTFreeMaterials/Textures/Ground_guiFloodedMud/Ground_guiFloodedMud_2k_g.uasset" 71
"../../../SlamBot/Content/GTFreeMaterials/Textures/Ground_guiFloodedMud/Ground_guiFloodedMud_2k_mask.uasset" 72
"../../../SlamBot/Content/GTFreeMaterials/Textures/Ground_guiFloodedMud/Ground_guiFloodedMud_2k_n.uasset" 73
"../../../SlamBot/Content/GTFreeMaterials/Materials/Ground_guiFloodedMud.uasset" 74
"../../../SlamBot/Content/GTFreeMaterials/Textures/Ground_MuddyGrass/Ground_MuddyGrass_2k_alb.uasset" 75
"../../../SlamBot/Content/GTFreeMaterials/Textures/Ground_MuddyGrass/Ground_MuddyGrass_2k_mask.uasset" 76
"../../../SlamBot/Content/GTFreeMaterials/Textures/Ground_MuddyGrass/Ground_MuddyGrass_2k_n.uasset" 77
"../../../SlamBot/Content/GTFreeMaterials/Textures/Ground_MuddyGrass/Ground_MuddyGrass_2k_s.uasset" 78
"../../../SlamBot/Content/GTFreeMaterials/Materials/Ground_MuddyGrass_DRY.uasset" 79
"../../../SlamBot/Content/GTFreeMaterials/Materials/Ground_MuddyGrass_WET.uasset" 80
"../../../SlamBot/Content/GTFreeMaterials/Textures/Concrete_FlatSurface/Concrete_FlatSurface_2k_alb.uasset" 81
"../../../SlamBot/Content/GTFreeMaterials/Textures/Concrete_FlatSurface/Concrete_FlatSurface_2k_n.uasset" 82
"../../../SlamBot/Content/GTFreeMaterials/Textures/Concrete_Square/Concrete_Square_2k_ao.uasset" 83
"../../../SlamBot/Content/GTFreeMaterials/Textures/wood_JFfantasyWoodPlanksNailedClean/wood_JFfantasyWoodPlanksNailedClean_2k_mask.uasset" 84
"../../../SlamBot/Content/GTFreeMaterials/Materials/MasterMaterial.uasset" 85
"../../../SlamBot/Content/GTFreeMaterials/Textures/Metal_BrushedCopper/Metal_BrushedCopper_2k_g.uasset" 86
"../../../SlamBot/Content/GTFreeMaterials/Textures/Metal_BrushedCopper/Metal_BrushedCopper_2k_n.uasset" 87
"../../../SlamBot/Content/GTFreeMaterials/Textures/Metal_BrushedCopper/Metal_BrushedCopper_2k_s.uasset" 88
"../../../SlamBot/Content/GTFreeMaterials/Materials/Metal_BrushedCopper.uasset" 89
"../../../SlamBot/Content/GTFreeMaterials/Textures/Metal_BrushedSteel/Metal_BrushedSteel_2k_g.uasset" 90
"../../../SlamBot/Content/GTFreeMaterials/Textures/Metal_BrushedSteel/Metal_BrushedSteel_2k_n.uasset" 91
"../../../SlamBot/Content/GTFreeMaterials/Textures/Metal_BrushedSteel/Metal_BrushedSteel_2k_s.uasset" 92
"../../../SlamBot/Content/GTFreeMaterials/Materials/Metal_BrushedSteel.uasset" 93
"../../../SlamBot/Content/GTFreeMaterials/Textures/Metal_CyberCube/Metal_CyberCube_2k_ao.uasset" 94
"../../../SlamBot/Content/GTFreeMaterials/Textures/Metal_CyberCube/Metal_CyberCube_2k_g.uasset" 95
"../../../SlamBot/Content/GTFreeMaterials/Textures/Metal_CyberCube/Metal_CyberCube_2k_n.uasset" 96
"../../../SlamBot/Content/GTFreeMaterials/Textures/Metal_CyberCube/Metal_CyberCube_2k_s.uasset" 97
"../../../SlamBot/Content/GTFreeMaterials/Textures/Metal_CyberCube/Metal_CyberCube_2k_t.uasset" 98
"../../../SlamBot/Content/GTFreeMaterials/Materials/Metal_CyberCube.uasset" 99
"../../../SlamBot/Content/GTFreeMaterials/Textures/Metal_DiamondPlateSciFi/Metal_DiamondPlateSciFi_2k_alb.uasset" 100
"../../../SlamBot/Content/GTFreeMaterials/Textures/Metal_DiamondPlateSciFi/Metal_DiamondPlateSciFi_2k_g.uasset" 101
"../../../SlamBot/Content/GTFreeMaterials/Textures/Metal_DiamondPlateSciFi/Metal_DiamondPlateSciFi_2k_mask.uasset" 102
"../../../SlamBot/Content/GTFreeMaterials/Textures/Metal_DiamondPlateSciFi/Metal_DiamondPlateSciFi_2k_n.uasset" 103
"../../../SlamBot/Content/GTFreeMaterials/Textures/Metal_DiamondPlateSciFi/Metal_DiamondPlateSciFi_2k_s.uasset" 104
"../../../SlamBot/Content/GTFreeMaterials/Materials/Metal_DiamondPlateSciFi.uasset" 105
"../../../SlamBot/Content/GTFreeMaterials/Textures/Metal_Gold/Metal_Gold_2k_g.uasset" 106
"../../../SlamBot/Content/GTFreeMaterials/Textures/Metal_Gold/Metal_Gold_2k_s.uasset" 107
"../../../SlamBot/Content/GTFreeMaterials/Materials/Metal_Gold.uasset" 108
"../../../SlamBot/Content/GTFreeMaterials/Textures/Metal_LeadRough/Metal_LeadRough_2k_alb.uasset" 109
"../../../SlamBot/Content/GTFreeMaterials/Textures/Metal_LeadRough/Metal_LeadRough_2k_g.uasset" 110
"../../../SlamBot/Content/GTFreeMaterials/Textures/Metal_LeadRough/Metal_LeadRough_2k_n.uasset" 111
"../../../SlamBot/Content/GTFreeMaterials/Textures/Metal_LeadRough/Metal_LeadRough_2k_s.uasset" 112
"../../../SlamBot/Content/GTFreeMaterials/Materials/Metal_LeadRough.uasset" 113
"../../../SlamBot/Content/GTFreeMaterials/Textures/4ChannelGrunge.uasset" 114
"../../../SlamBot/Content/GTFreeMaterials/Textures/Metal_ReinforcedGridWall/Metal_ReinforcedGridWall_2k_ao.uasset" 115
"../../../SlamBot/Content/GTFreeMaterials/Textures/Metal_ReinforcedGridWall/Metal_ReinforcedGridWall_2k_g.uasset" 116
"../../../SlamBot/Content/GTFreeMaterials/Textures/Metal_ReinforcedGridWall/Metal_ReinforcedGridWall_2k_mask.uasset" 117
"../../../SlamBot/Content/GTFreeMaterials/Textures/Metal_ReinforcedGridWall/Metal_ReinforcedGridWall_2k_n.uasset" 118
"../../../SlamBot/Content/GTFreeMaterials/Textures/Metal_ReinforcedGridWall/Metal_ReinforcedGridWall_2k_s.uasset" 119
"../../../SlamBot/Content/GTFreeMaterials/Materials/Metal_ReinforcedGridWall.uasset" 120
"../../../SlamBot/Content/GTFreeMaterials/Textures/Metal_RustedSolid/Metal_RustedSolid_2k_g.uasset" 121
"../../../SlamBot/Content/GTFreeMaterials/Textures/Metal_RustedSolid/Metal_RustedSolid_2k_n.uasset" 122
"../../../SlamBot/Content/GTFreeMaterials/Textures/Metal_RustedSolid/Metal_RustedSolid_2k_s.uasset" 123
"../../../SlamBot/Content/GTFreeMaterials/Materials/Metal_RustedSolid.uasset" 124
"../../../SlamBot/Content/GTFreeMaterials/Textures/Metal_sciFiCurveyWall/Metal_sciFiCurveyWall_2k_ao.uasset" 125
"../../../SlamBot/Content/GTFreeMaterials/Textures/Metal_sciFiCurveyWall/Metal_sciFiCurveyWall_2k_g.uasset" 126
"../../../SlamBot/Content/GTFreeMaterials/Textures/Metal_sciFiCurveyWall/Metal_sciFiCurveyWall_2k_mask.uasset" 127
"../../../SlamBot/Content/GTFreeMaterials/Textures/Metal_sciFiCurveyWall/Metal_sciFiCurveyWall_2k_n.uasset" 128
"../../../SlamBot/Content/GTFreeMaterials/Textures/Metal_sciFiCurveyWall/Metal_sciFiCurveyWall_2k_s.uasset" 129
"../../../SlamBot/Content/GTFreeMaterials/Materials/Metal_sciFiCurveyWall.uasset" 130
"../../../SlamBot/Content/GTFreeMaterials/Textures/misc_WoodenCrate/misc_WoodenCrate_2k_alb2.uasset" 131
"../../../SlamBot/Content/GTFreeMaterials/Textures/misc_WoodenCrate/misc_WoodenCrate_2k_ao.uasset" 132
"../../../SlamBot/Content/GTFreeMaterials/Textures/misc_WoodenCrate/misc_WoodenCrate_2k_g.uasset" 133
"../../../SlamBot/Content/GTFreeMaterials/Textures/misc_WoodenCrate/misc_WoodenCrate_2k_h.uasset" 134
"../../../SlamBot/Content/GTFreeMaterials/Textures/misc_WoodenCrate/misc_WoodenCrate_2k_mask.uasset" 135
"../../../SlamBot/Content/GTFreeMaterials/Textures/misc_WoodenCrate/misc_WoodenCrate_2k_n.uasset" 136
"../../../SlamBot/Content/GTFreeMaterials/Materials/misc_WoodenCrate.uasset" 137
"../../../SlamBot/Content/GTFreeMaterials/Textures/Rock_HoleyWall/Rock_HoleyWall_2k_alb2.uasset" 138
"../../../SlamBot/Content/GTFreeMaterials/Textures/Rock_HoleyWall/Rock_HoleyWall_2k_ao.uasset" 139
"../../../SlamBot/Content/GTFreeMaterials/Textures/Rock_HoleyWall/Rock_HoleyWall_2k_g.uasset" 140
"../../../SlamBot/Content/GTFreeMaterials/Textures/Rock_HoleyWall/Rock_HoleyWall_2k_h.uasset" 141
"../../../SlamBot/Content/GTFreeMaterials/Textures/Rock_HoleyWall/Rock_HoleyWall_2k_n.uasset" 142
"../../../SlamBot/Content/GTFreeMaterials/Materials/Rock_HoleyWall.uasset" 143
"../../../SlamBot/Content/GTFreeMaterials/Textures/Rock_JaggedCaveWall/Rock_JaggedCaveWall_2k_alb.uasset" 144
"../../../SlamBot/Content/GTFreeMaterials/Textures/Rock_JaggedCaveWall/Rock_JaggedCaveWall_2k_g.uasset" 145
"../../../SlamBot/Content/GTFreeMaterials/Textures/Rock_JaggedCaveWall/Rock_JaggedCaveWall_2k_h.uasset" 146
"../../../SlamBot/Content/GTFreeMaterials/Textures/Rock_JaggedCaveWall/Rock_JaggedCaveWall_2k_n.uasset" 147
"../../../SlamBot/Content/GTFreeMaterials/Materials/Rock_JaggedCaveWall.uasset" 148
"../../../SlamBot/Content/GTFreeMaterials/Textures/Tile_Coloredtiles/Tile_ColoredTiles_2k_alb1.uasset" 149
"../../../SlamBot/Content/GTFreeMaterials/Textures/Tile_Coloredtiles/Tile_ColoredTiles_2k_g.uasset" 150
"../../../SlamBot/Content/GTFreeMaterials/Textures/Tile_Coloredtiles/Tile_ColoredTiles_2k_mask.uasset" 151
"../../../SlamBot/Content/GTFreeMaterials/Textures/Tile_Coloredtiles/Tile_ColoredTiles_2k_n.uasset" 152
"../../../SlamBot/Content/GTFreeMaterials/Materials/Tile_Coloredtiles.uasset" 153
"../../../SlamBot/Content/GTFreeMaterials/Textures/Tile_WoodAndTileOffsetPattern/Tile_WoodAndTileOffsetPattern_2k_alb.uasset" 154
"../../../SlamBot/Content/GTFreeMaterials/Textures/Tile_WoodAndTileOffsetPattern/Tile_WoodAndTileOffsetPattern_2k_mask.uasset" 155
"../../../SlamBot/Content/GTFreeMaterials/Textures/Tile_WoodAndTileOffsetPattern/Tile_WoodAndTileOffsetPattern_2k_n.uasset" 156
"../../../SlamBot/Content/GTFreeMaterials/Textures/Tile_WoodAndTileOffsetPattern/Tile_WoodAndTileOffsetPattern_2k_s.uasset" 157
"../../../SlamBot/Content/GTFreeMaterials/Materials/Tile_WoodAndTileOffsetPattern.uasset" 158
"../../../SlamBot/Content/GTFreeMaterials/Textures/Wood_GeofwoodenPlankClean/Wood_GeofwoodenPlankClean_2k_ao.uasset" 159
"../../../SlamBot/Content/GTFreeMaterials/Textures/Wood_GeofwoodenPlankClean/Wood_GeofwoodenPlankClean_2k_d.uasset" 160
"../../../SlamBot/Content/GTFreeMaterials/Textures/Wood_GeofwoodenPlankClean/Wood_GeofwoodenPlankClean_2k_n.uasset" 161
"../../../SlamBot/Content/GTFreeMaterials/Materials/Wood_GeofwoodenPlankClean.uasset" 162
"../../../SlamBot/Content/GTFreeMaterials/Textures/Wood_InterlockingFloor/Wood_InterlockingFloor_2k_alb1.uasset" 163
"../../../SlamBot/Content/GTFreeMaterials/Textures/Wood_InterlockingFloor/Wood_InterlockingFloor_2k_ao.uasset" 164
"../../../SlamBot/Content/GTFreeMaterials/Textures/Wood_InterlockingFloor/Wood_InterlockingFloor_2k_g.uasset" 165
"../../../SlamBot/Content/GTFreeMaterials/Textures/Wood_InterlockingFloor/Wood_InterlockingFloor_2k_n.uasset" 166
"../../../SlamBot/Content/GTFreeMaterials/Materials/Wood_InterlockingFloor.uasset" 167
"../../../SlamBot/Content/GTFreeMaterials/Textures/Brick_chicagoStyle/Brick_chicagoStyle_2k_alb.uasset" 168
"../../../SlamBot/Content/GTFreeMaterials/Textures/Brick_chicagoStyle/Brick_chicagoStyle_2k_ao.uasset" 169
"../../../SlamBot/Content/GTFreeMaterials/Textures/Brick_chicagoStyle/Brick_chicagoStyle_2k_h.uasset" 170
"../../../SlamBot/Content/GTFreeMaterials/Textures/Brick_chicagoStyle/Brick_chicagoStyle_2k_n.uasset" 171
"../../../SlamBot/Content/GTFreeMaterials/Materials/Brick_chicagoStyle.uasset" 172
"../../../SlamBot/Content/GTFreeMaterials/Materials/Concrete_FlatSurface.uasset" 173
"../../../SlamBot/Content/GTFreeMaterials/Textures/wood_JFfantasyWoodPlanksNailedClean/wood_JFfantasyWoodPlanksNailedClean_2k_alb.uasset" 174
"../../../SlamBot/Content/GTFreeMaterials/Textures/wood_JFfantasyWoodPlanksNailedClean/wood_JFfantasyWoodPlanksNailedClean_2k_h.uasset" 175
"../../../SlamBot/Content/GTFreeMaterials/Textures/wood_JFfantasyWoodPlanksNailedClean/wood_JFfantasyWoodPlanksNailedClean_2k_n.uasset" 176
"../../../SlamBot/Content/GTFreeMaterials/Materials/wood_JFfantasyWoodPlanksNailedClean.uasset" 177
"../../../Engine/Content/EditorMeshes/EditorSphere.uasset" 178
"../../../SlamBot/Content/GTFreeMaterials/Showcase.umap" 179
"../../../SlamBot/Content/Meshes/Shapes/SM_Cube.uasset" 180
"../../../SlamBot/Content/Blueprints/Experiments/Generator/BP_WallGenerator.uasset" 181
"../../../SlamBot/Content/Materials/Visual/M_BasicTransparent.uasset" 182
"../../../SlamBot/Content/Materials/Physics/PM_RobotTire.uasset" 183
"../../../SlamBot/Content/Materials/Physics/PM_RobotTread.uasset" 184
"../../../SlamBot/Content/Meshes/Robot/SM_TreadTrack.uasset" 185
"../../../SlamBot/Content/Meshes/Robot/SM_TreadWheel.uasset" 186
"../../../SlamBot/Content/Blueprints/Robot/BP_RightTread.uasset" 187
"../../../SlamBot/Content/Blueprints/Robot/BP_LeftTread.uasset" 188
"../../../SlamBot/Content/Blueprints/GameMode/BP_BaseGameMode.uasset" 189
"../../../SlamBot/Content/Blueprints/PlayerController/BP_BaseRobotController.uasset" 190
"../../../SlamBot/Content/Blueprints/Robot/BP_BaseRobot.uasset" 191
"../../../SlamBot/Content/Meshes/Robot/SM_Chassis.uasset" 192
"../../../SlamBot/Content/Blueprints/Robot/BP_SimulatedRobot.uasset" 193
"../../../SlamBot/Content/StarterContent/Materials/M_Glass.uasset" 194
"../../../SlamBot/Content/StarterContent/Textures/T_Door_M.uasset" 195
"../../../SlamBot/Content/StarterContent/Textures/T_Door_N.uasset" 196
"../../../SlamBot/Content/StarterContent/Props/Materials/M_Door.uasset" 197
"../../../SlamBot/Content/Blueprints/Experiments/Sockets/SM_Door.uasset" 198
"../../../SlamBot/Content/StarterContent/Textures/T_Frame_M.uasset" 199
"../../../SlamBot/Content/StarterContent/Textures/T_Frame_N.uasset" 200
"../../../SlamBot/Content/StarterContent/Props/Materials/M_Frame.uasset" 201
"../../../SlamBot/Content/Blueprints/Experiments/Sockets/SM_DoorFrame.uasset" 202
"../../../SlamBot/Content/Blueprints/Experiments/Sockets/BP_Door.uasset" 203
"../../../SlamBot/Content/Blueprints/Experiments/WheelMotor/BP_WheelMotor.uasset" 204
"../../../SlamBot/Content/Blueprints/Experiments/WheelMotor/BP_WheelMotorManual.uasset" 205
"../../../SlamBot/Content/Blueprints/Util/BP_SerialDebugger.uasset" 206
"../../../SlamBot/Content/Materials/Visual/M_Basic.uasset" 207
"../../../SlamBot/Content/StarterContent/Textures/T_Ceramic_Tile_M.uasset" 208
"../../../SlamBot/Content/StarterContent/Textures/T_Ceramic_Tile_N.uasset" 209
"../../../SlamBot/Content/StarterContent/Textures/T_Perlin_Noise_M.uasset" 210
"../../../SlamBot/Content/StarterContent/Textures/T_Rock_Marble_Polished_D.uasset" 211
"../../../SlamBot/Content/Materials/Visual/M_CeramicTile.uasset" 212
"../../../SlamBot/Content/Meshes/Shapes/SM_Sphere.uasset" 213
"../../../SlamBot/Content/StarterContent/Materials/M_Basic_Floor.uasset" 214
"../../../SlamBot/Content/StarterContent/Architecture/Floor_400x400.uasset" 215
"../../../SlamBot/Content/Maps/Playground.umap" 216
"../../../SlamBot/Content/StarterContent/Audio/Fire01.uasset" 217
"../../../SlamBot/Content/StarterContent/Audio/Fire01_Cue.uasset" 218
"../../../SlamBot/Content/StarterContent/Textures/T_Fire_SubUV.uasset" 219
"../../../SlamBot/Content/StarterContent/Textures/T_Fire_Tiled_D.uasset" 220
"../../../SlamBot/Content/StarterContent/Particles/Materials/M_Fire_SubUV.uasset" 221
"../../../SlamBot/Content/StarterContent/Textures/T_Water_N.uasset" 222
"../../../SlamBot/Content/StarterContent/Particles/Materials/M_Heat_Distortion.uasset" 223
"../../../Engine/Content/Functions/Engine_MaterialFunctions01/Gradient/RadialGradient.uasset" 224
"../../../SlamBot/Content/StarterContent/Particles/Materials/M_Radial_Gradient.uasset" 225
"../../../SlamBot/Content/StarterContent/Textures/T_Smoke_SubUV.uasset" 226
"../../../SlamBot/Content/StarterContent/Textures/T_Smoke_Tiled_D.uasset" 227
"../../../SlamBot/Content/StarterContent/Particles/Materials/M_smoke_subUV.uasset" 228
"../../../SlamBot/Content/StarterContent/Particles/P_Fire.uasset" 229
"../../../SlamBot/Content/StarterContent/Blueprints/Blueprint_Effect_Fire.uasset" 230
"../../../SlamBot/Content/StarterContent/Audio/Smoke01.uasset" 231
"../../../SlamBot/Content/StarterContent/Audio/Smoke01_Cue.uasset" 232
"../../../SlamBot/Content/StarterContent/Particles/P_Smoke.uasset" 233
"../../../SlamBot/Content/StarterContent/Blueprints/Blueprint_Effect_Smoke.uasset" 234
"../../../SlamBot/Content/StarterContent/Audio/Fire_Sparks01.uasset" 235
"../../../SlamBot/Content/StarterContent/Audio/Fire_Sparks01_Cue.uasset" 236
"../../../SlamBot/Content/StarterContent/Textures/T_Spark_Core.uasset" 237
"../../../SlamBot/Content/StarterContent/Particles/Materials/M_Spark.uasset" 238
"../../../SlamBot/Content/StarterContent/Particles/P_Sparks.uasset" 239
"../../../SlamBot/Content/StarterContent/Blueprints/Blueprint_Effect_Sparks.uasset" 240
"../../../SlamBot/Content/StarterContent/Audio/Steam01.uasset" 241
"../../../SlamBot/Content/StarterContent/Audio/Steam01_Cue.uasset" 242
"../../../SlamBot/Content/StarterContent/Particles/P_Steam_Lit.uasset" 243
"../../../SlamBot/Content/StarterContent/Blueprints/Blueprint_Effect_Steam.uasset" 244
"../../../SlamBot/Content/StarterContent/Textures/T_Lamp_M.uasset" 245
"../../../SlamBot/Content/StarterContent/Textures/T_Lamp_N.uasset" 246
"../../../SlamBot/Content/StarterContent/Props/Materials/M_Lamp.uasset" 247
"../../../SlamBot/Content/StarterContent/Props/SM_Lamp_Ceiling.uasset" 248
"../../../SlamBot/Content/StarterContent/Blueprints/Blueprint_CeilingLight.uasset" 249
"../../../SlamBot/Content/StarterContent/Props/SM_Lamp_Wall.uasset" 250
"../../../SlamBot/Content/StarterContent/Blueprints/Blueprint_WallSconce.uasset" 251
"../../../Engine/Content/EngineFonts/RobotoDistanceField.uasset" 252
"../../../Engine/Content/Functions/Engine_MaterialFunctions03/Procedurals/ComputeFilterWidth.uasset" 253
"../../../Engine/Content/EngineMaterials/AntiAliasedTextMaterialTranslucent.uasset" 254
"../../../SlamBot/Content/StarterContent/Textures/T_Brick_Clay_Beveled_D.uasset" 255
"../../../SlamBot/Content/StarterContent/Textures/T_Brick_Clay_Beveled_M.uasset" 256
"../../../SlamBot/Content/StarterContent/Textures/T_Brick_Clay_Beveled_N.uasset" 257
"../../../SlamBot/Content/StarterContent/Textures/T_MacroVariation.uasset" 258
"../../../SlamBot/Content/StarterContent/Materials/M_Brick_Clay_Beveled.uasset" 259
"../../../SlamBot/Content/StarterContent/Textures/T_Brick_Clay_New_D.uasset" 260
"../../../SlamBot/Content/StarterContent/Textures/T_Brick_Clay_New_M.uasset" 261
"../../../SlamBot/Content/StarterContent/Textures/T_Brick_Clay_New_N.uasset" 262
"../../../SlamBot/Content/StarterContent/Textures/T_Detail_Rocky_N.uasset" 263
"../../../SlamBot/Content/StarterContent/Materials/M_Brick_Clay_New.uasset" 264
"../../../SlamBot/Content/StarterContent/Textures/T_Brick_Clay_Old_D.uasset" 265
"../../../SlamBot/Content/StarterContent/Textures/T_Brick_Clay_Old_N.uasset" 266
"../../../SlamBot/Content/StarterContent/Materials/M_Brick_Clay_Old.uasset" 267
"../../../SlamBot/Content/StarterContent/Textures/T_Brick_Cut_Stone_D.uasset" 268
"../../../SlamBot/Content/StarterContent/Textures/T_Brick_Cut_Stone_N.uasset" 269
"../../../SlamBot/Content/StarterContent/Materials/M_Brick_Cut_Stone.uasset" 270
"../../../SlamBot/Content/StarterContent/Textures/T_Brick_Hewn_Stone_D.uasset" 271
"../../../SlamBot/Content/StarterContent/Textures/T_Brick_Hewn_Stone_M.uasset" 272
"../../../SlamBot/Content/StarterContent/Textures/T_Brick_Hewn_Stone_N.uasset" 273
"../../../SlamBot/Content/StarterContent/Materials/M_Brick_Hewn_Stone.uasset" 274
"../../../SlamBot/Content/StarterContent/Materials/M_Ceramic_Tile_Checker.uasset" 275
"../../../SlamBot/Content/StarterContent/Textures/T_CobbleStone_Pebble_D.uasset" 276
"../../../SlamBot/Content/StarterContent/Textures/T_CobbleStone_Pebble_M.uasset" 277
"../../../SlamBot/Content/StarterContent/Textures/T_CobbleStone_Pebble_N.uasset" 278
"../../../SlamBot/Content/StarterContent/Materials/M_CobbleStone_Pebble.uasset" 279
"../../../SlamBot/Content/StarterContent/Textures/T_CobbleStone_Rough_D.uasset" 280
"../../../SlamBot/Content/StarterContent/Textures/T_CobbleStone_Rough_N.uasset" 281
"../../../SlamBot/Content/StarterContent/Textures/T_Gradinet_01.uasset" 282
"../../../SlamBot/Content/StarterContent/Textures/T_Rock_Smooth_Granite_D.uasset" 283
"../../../SlamBot/Content/StarterContent/Materials/M_CobbleStone_Rough.uasset" 284
"../../../SlamBot/Content/StarterContent/Textures/T_CobbleStone_Smooth_D.uasset" 285
"../../../SlamBot/Content/StarterContent/Textures/T_CobbleStone_Smooth_M.uasset" 286
"../../../SlamBot/Content/StarterContent/Textures/T_CobbleStone_Smooth_N.uasset" 287
"../../../SlamBot/Content/StarterContent/Materials/M_CobbleStone_Smooth.uasset" 288
"../../../SlamBot/Content/StarterContent/Textures/T_Concrete_Grime_D.uasset" 289
"../../../SlamBot/Content/StarterContent/Textures/T_Metal_Rust_N.uasset" 290
"../../../SlamBot/Content/StarterContent/Materials/M_Concrete_Grime.uasset" 291
"../../../SlamBot/Content/StarterContent/Textures/T_Concrete_Panels_D.uasset" 292
"../../../SlamBot/Content/StarterContent/Textures/T_Concrete_Panels_N.uasset" 293
"../../../SlamBot/Content/StarterContent/Materials/M_Concrete_Panels.uasset" 294
"../../../SlamBot/Content/StarterContent/Textures/T_Concrete_Poured_D.uasset" 295
"../../../SlamBot/Content/StarterContent/Textures/T_Concrete_Poured_N.uasset" 296
"../../../SlamBot/Content/StarterContent/Materials/M_Concrete_Poured.uasset" 297
"../../../SlamBot/Content/StarterContent/Textures/T_Concrete_Tiles_D.uasset" 298
"../../../SlamBot/Content/StarterContent/Textures/T_Concrete_Tiles_M.uasset" 299
"../../../SlamBot/Content/StarterContent/Textures/T_Concrete_Tiles_N.uasset" 300
"../../../SlamBot/Content/StarterContent/Textures/T_Concrete_Tiles_Variation_M.uasset" 301
"../../../SlamBot/Content/StarterContent/Materials/M_Concrete_Tiles.uasset" 302
"../../../SlamBot/Content/StarterContent/Textures/T_Ground_Grass_D.uasset" 303
"../../../SlamBot/Content/StarterContent/Textures/T_Ground_Grass_N.uasset" 304
"../../../SlamBot/Content/StarterContent/Materials/M_Ground_Grass.uasset" 305
"../../../SlamBot/Content/StarterContent/Textures/T_Ground_Gravel_D.uasset" 306
"../../../SlamBot/Content/StarterContent/Textures/T_Ground_Gravel_N.uasset" 307
"../../../SlamBot/Content/StarterContent/Materials/M_Ground_Gravel.uasset" 308
"../../../SlamBot/Content/StarterContent/Textures/T_ground_Moss_D.uasset" 309
"../../../SlamBot/Content/StarterContent/Textures/T_Ground_Moss_N.uasset" 310
"../../../SlamBot/Content/StarterContent/Materials/M_Ground_Moss.uasset" 311
"../../../SlamBot/Content/StarterContent/Materials/M_Metal_Brushed_Nickel.uasset" 312
"../../../SlamBot/Content/StarterContent/Textures/T_Metal_Aluminum_D.uasset" 313
"../../../SlamBot/Content/StarterContent/Textures/T_Metal_Gold_N.uasset" 314
"../../../SlamBot/Content/StarterContent/Materials/M_Metal_Burnished_Steel.uasset" 315
"../../../SlamBot/Content/StarterContent/Materials/M_Metal_Chrome.uasset" 316
"../../../SlamBot/Content/StarterContent/Textures/T_Metal_Copper_D.uasset" 317
"../../../SlamBot/Content/StarterContent/Materials/M_Metal_Copper.uasset" 318
"../../../SlamBot/Content/StarterContent/Textures/T_Metal_Gold_D.uasset" 319
"../../../SlamBot/Content/StarterContent/Materials/M_Metal_Gold.uasset" 320
"../../../Engine/Content/Functions/Engine_MaterialFunctions02/Utility/BlendAngleCorrectedNormals.uasset" 321
"../../../SlamBot/Content/StarterContent/Textures/T_Metal_Rust_D.uasset" 322
"../../../SlamBot/Content/StarterContent/Materials/M_Metal_Rust.uasset" 323
"../../../SlamBot/Content/StarterContent/Textures/T_Metal_Steel_D.uasset" 324
"../../../SlamBot/Content/StarterContent/Textures/T_Metal_Steel_N.uasset" 325
"../../../SlamBot/Content/StarterContent/Materials/M_Metal_Steel.uasset" 326
"../../../SlamBot/Content/StarterContent/Textures/T_Rock_Basalt_D.uasset" 327
"../../../SlamBot/Content/StarterContent/Textures/T_Rock_Basalt_N.uasset" 328
"../../../SlamBot/Content/StarterContent/Materials/M_Rock_Basalt.uasset" 329
"../../../SlamBot/Content/StarterContent/Materials/M_Rock_Marble_Polished.uasset" 330
"../../../SlamBot/Content/StarterContent/Textures/T_Rock_Sandstone_D.uasset" 331
"../../../SlamBot/Content/StarterContent/Textures/T_Rock_Sandstone_N.uasset" 332
"../../../SlamBot/Content/StarterContent/Materials/M_Rock_Sandstone.uasset" 333
"../../../SlamBot/Content/StarterContent/Textures/T_Rock_Slate_D.uasset" 334
"../../../SlamBot/Content/StarterContent/Textures/T_Rock_Slate_N.uasset" 335
"../../../SlamBot/Content/StarterContent/Materials/M_Rock_Slate.uasset" 336
"../../../SlamBot/Content/StarterContent/Textures/T_Checker_Noise_M.uasset" 337
"../../../SlamBot/Content/StarterContent/Textures/T_Single_Tile_N.uasset" 338
"../../../SlamBot/Content/StarterContent/Textures/T_Tech_Dot_M.uasset" 339
"../../../SlamBot/Content/StarterContent/Textures/T_Tech_Dot_N.uasset" 340
"../../../SlamBot/Content/StarterContent/Materials/M_Tech_Checker_Dot.uasset" 341
"../../../SlamBot/Content/StarterContent/Textures/T_Tech_Hex_Tile_M.uasset" 342
"../../../SlamBot/Content/StarterContent/Textures/T_Tech_Hex_Tile_N.uasset" 343
"../../../SlamBot/Content/StarterContent/Materials/M_Tech_Hex_Tile.uasset" 344
"../../../SlamBot/Content/StarterContent/Materials/M_Tech_Hex_Tile_Pulse.uasset" 345
"../../../SlamBot/Content/StarterContent/Textures/T_Tech_Panel_M.uasset" 346
"../../../SlamBot/Content/StarterContent/Textures/T_Tech_Panel_N.uasset" 347
"../../../SlamBot/Content/StarterContent/Materials/M_Tech_Panel.uasset" 348
"../../../SlamBot/Content/StarterContent/Materials/M_Water_Lake.uasset" 349
"../../../SlamBot/Content/StarterContent/Textures/T_Water_M.uasset" 350
"../../../SlamBot/Content/StarterContent/Materials/M_Water_Ocean.uasset" 351
"../../../SlamBot/Content/StarterContent/Textures/T_Wood_Floor_Walnut_D.uasset" 352
"../../../SlamBot/Content/StarterContent/Textures/T_Wood_Floor_Walnut_M.uasset" 353
"../../../SlamBot/Content/StarterContent/Textures/T_Wood_Floor_Walnut_N.uasset" 354
"../../../SlamBot/Content/StarterContent/Materials/M_Wood_Floor_Walnut_Polished.uasset" 355
"../../../Engine/Content/Functions/Engine_MaterialFunctions01/Opacity/AlphaOffset.uasset" 356
"../../../SlamBot/Content/StarterContent/Materials/M_Wood_Floor_Walnut_Worn.uasset" 357
"../../../SlamBot/Content/StarterContent/Textures/T_Wood_Oak_D.uasset" 358
"../../../SlamBot/Content/StarterContent/Textures/T_Wood_Oak_N.uasset" 359
"../../../SlamBot/Content/StarterContent/Materials/M_Wood_Oak.uasset" 360
"../../../SlamBot/Content/StarterContent/Textures/T_Wood_Pine_D.uasset" 361
"../../../SlamBot/Content/StarterContent/Textures/T_Wood_Pine_N.uasset" 362
"../../../SlamBot/Content/StarterContent/Materials/M_Wood_Pine.uasset" 363
"../../../SlamBot/Content/StarterContent/Textures/T_Wood_Walnut_D.uasset" 364
"../../../SlamBot/Content/StarterContent/Textures/T_Wood_Walnut_N.uasset" 365
"../../../SlamBot/Content/StarterContent/Materials/M_Wood_Walnut.uasset" 366
"../../../SlamBot/Content/StarterContent/Textures/T_Chair_M.uasset" 367
"../../../SlamBot/Content/StarterContent/Textures/T_Chair_N.uasset" 368
"../../../SlamBot/Content/StarterContent/Props/Materials/M_Chair.uasset" 369
"../../../SlamBot/Content/StarterContent/Materials/M_Basic_Wall.uasset" 370
"../../../SlamBot/Content/StarterContent/Architecture/Wall_400x200.uasset" 371
"../../../SlamBot/Content/StarterContent/Architecture/Wall_Door_400x300.uasset" 372
"../../../SlamBot/Content/StarterContent/Architecture/Wall_Window_400x300.uasset" 373
"../../../SlamBot/Content/StarterContent/Audio/Collapse01.uasset" 374
"../../../SlamBot/Content/StarterContent/Audio/Collapse02.uasset" 375
"../../../SlamBot/Content/StarterContent/Audio/Collapse_Cue.uasset" 376
"../../../SlamBot/Content/StarterContent/Audio/Starter_Birds01.uasset" 377
"../../../SlamBot/Content/StarterContent/Audio/Starter_Wind05.uasset" 378
"../../../SlamBot/Content/StarterContent/Audio/Starter_Wind06.uasset" 379
"../../../SlamBot/Content/StarterContent/Audio/Starter_Background_Cue.uasset" 380
"../../../SlamBot/Content/StarterContent/Audio/Starter_Music01.uasset" 381
"../../../SlamBot/Content/StarterContent/Audio/Starter_Music_Cue.uasset" 382
"../../../SlamBot/Content/StarterContent/Textures/T_Dust_Particle_D.uasset" 383
"../../../SlamBot/Content/StarterContent/Particles/Materials/M_Dust_Particle.uasset" 384
"../../../SlamBot/Content/StarterContent/Particles/P_Ambient_Dust.uasset" 385
"../../../SlamBot/Content/StarterContent/Props/MaterialSphere.uasset" 386
"../../../SlamBot/Content/StarterContent/Props/SM_Chair.uasset" 387
"../../../SlamBot/Content/StarterContent/Props/SM_CornerFrame.uasset" 388
"../../../SlamBot/Content/StarterContent/Props/SM_DoorFrame.uasset" 389
"../../../SlamBot/Content/StarterContent/Props/SM_GlassWindow.uasset" 390
"../../../SlamBot/Content/StarterContent/Props/SM_PillarFrame.uasset" 391
"../../../SlamBot/Content/StarterContent/Props/SM_PillarFrame300.uasset" 392
"../../../SlamBot/Content/StarterContent/Textures/T_Statue_M.uasset" 393
"../../../SlamBot/Content/StarterContent/Textures/T_Statue_N.uasset" 394
"../../../SlamBot/Content/StarterContent/Props/Materials/M_Statue.uasset" 395
"../../../SlamBot/Content/StarterContent/Props/Materials/M_StatueGlass.uasset" 396
"../../../SlamBot/Content/StarterContent/Props/SM_Statue.uasset" 397
"../../../SlamBot/Content/StarterContent/Textures/T_TableRound_M.uasset" 398
"../../../SlamBot/Content/StarterContent/Textures/T_TableRound_N.uasset" 399
"../../../SlamBot/Content/StarterContent/Props/Materials/M_TableRound.uasset" 400
"../../../SlamBot/Content/StarterContent/Props/SM_TableRound.uasset" 401
"../../../SlamBot/Content/StarterContent/Props/SM_WindowFrame.uasset" 402
"../../../SlamBot/Content/StarterContent/Shapes/Shape_Cube.uasset" 403
"../../../SlamBot/Content/StarterContent/Shapes/Shape_QuadPyramid.uasset" 404
"../../../SlamBot/Content/StarterContent/Shapes/Shape_Sphere.uasset" 405
"../../../SlamBot/Content/StarterContent/Maps/StarterMap.umap" 406
"../../../SlamBot/Content/StarterContent/Maps/Minimal_Default.umap" 407
"../../../Engine/Content/EngineMaterials/DefaultMaterial.uasset" 408
"../../../Engine/Content/EngineMaterials/DefaultDiffuse.uasset" 409
"../../../Engine/Content/EngineMaterials/DefaultNormal.uasset" 410
"../../../Engine/Content/Maps/Entry.umap" 411
"../../../Engine/Content/EngineFonts/Roboto.uasset" 412
"../../../Engine/Content/Functions/Engine_MaterialFunctions01/Shading/PowerToRoughness.uasset" 413
"../../../Engine/Content/Functions/Engine_MaterialFunctions01/Shading/ConvertFromDiffSpec.uasset" 414
"../../../Engine/Content/EngineMaterials/DefaultDeferredDecalMaterial.uasset" 415
"../../../Engine/Content/EngineMaterials/DefaultLightFunctionMaterial.uasset" 416
"../../../Engine/Content/Functions/Engine_MaterialFunctions02/Utility/BreakOutFloat2Components.uasset" 417
"../../../Engine/Content/EngineMaterials/DefaultPostProcessMaterial.uasset" 418
"../../../Engine/Content/EngineResources/DefaultTexture.uasset" 419
"../../../Engine/Content/Functions/Engine_MaterialFunctions02/Texturing/ScreenAlignedUVs.uasset" 420
"../../../Engine/Content/EngineResources/WhiteSquareTexture.uasset" 421
"../../../Engine/Content/EngineMaterials/Widget3DPassThrough.uasset" 422
"../../../Engine/Content/EngineMaterials/Widget3DPassThrough_Translucent.uasset" 423
"../../../Engine/Content/EngineMaterials/Widget3DPassThrough_Translucent_OneSided.uasset" 424
"../../../Engine/Content/EngineMaterials/Widget3DPassThrough_Opaque.uasset" 425
"../../../Engine/Content/EngineMaterials/Widget3DPassThrough_Opaque_OneSided.uasset" 426
"../../../Engine/Content/EngineMaterials/Widget3DPassThrough_Masked.uasset" 427
"../../../Engine/Content/EngineMaterials/Widget3DPassThrough_Masked_OneSided.uasset" 428
"../../../Engine/Content/EditorResources/S_Actor.uasset" 429
"../../../Engine/Content/Maps/Templates/Thumbnails/Default.uasset" 430
"../../../Engine/Content/EditorMaterials/ParticleSystems/PSysThumbnail_NoImage.uasset" 431
"../../../Engine/Content/EditorMaterials/ParticleSystems/PSysThumbnail_OOD.uasset" 432
"../../../Engine/Content/EditorLandscapeResources/DataLayer.uasset" 433
"../../../Engine/Content/EngineDamageTypes/DmgTypeBP_Environmental.uasset" 434
"../../../Engine/Content/EngineMeshes/Sphere.uasset" 435
"../../../Engine/Content/EngineMaterials/DefaultTextMaterialOpaque.uasset" 436
"../../../Engine/Content/EditorResources/S_Trigger.uasset" 437
"../../../Engine/Content/EngineResources/GradientTexture0.uasset" 438
"../../../Engine/Content/EngineResources/Black.uasset" 439
"../../../Engine/Content/EditorMaterials/MatineeGroups/MAT_Groups_Float.uasset" 440
"../../../Engine/Content/EditorMaterials/MatineeGroups/MAT_Groups_Director.uasset" 441
"../../../Engine/Content/EditorMaterials/MatineeGroups/MAT_Groups_Event.uasset" 442
"../../../Engine/Content/EditorMaterials/MatineeGroups/MAT_Groups_Anim.uasset" 443
"../../../Engine/Content/EditorMaterials/MatineeGroups/MAT_Groups_Fade.uasset" 444
"../../../Engine/Content/EditorMaterials/MatineeGroups/MAT_Groups_Move.uasset" 445
"../../../Engine/Content/EditorMaterials/MatineeGroups/MAT_Groups_Slomo.uasset" 446
"../../../Engine/Content/EditorMaterials/MatineeGroups/MAT_ColorTrack.uasset" 447
"../../../Engine/Content/EditorMaterials/MAT_Groups_Toggle.uasset" 448
"../../../Engine/Content/EditorMaterials/MatineeGroups/MAT_Groups_AudioMaster.uasset" 449
"../../../Engine/Content/EditorMaterials/MatineeGroups/MAT_Groups_Sound.uasset" 450
"../../../Engine/Content/EditorMaterials/MatineeGroups/MAT_Groups_Vector.uasset" 451
"../../../Engine/Content/EditorMaterials/MAT_Groups_Visibility.uasset" 452
"../../../Engine/Content/EngineResources/DefaultTextureCube.uasset" 453
"../../../Engine/Content/EngineMeshes/Cylinder.uasset" 454
"../../../Engine/Content/EngineTireTypes/DefaultTireType.uasset" 455
"../../../Engine/Content/EngineResources/AICON-Red.uasset" 456
"../../../Engine/Content/EngineResources/AICON-Green.uasset" 457
"../../../Engine/Content/Tutorial/Basics/TutorialAssets/icon_tab_Levels_40x.uasset" 458
"../../../Engine/Content/Tutorial/Basics/LevelEditorOverview.uasset" 459
"../../../Engine/Content/Tutorial/BlueprintTutorials/TutorialAssets/Blueprint_64x.uasset" 460
"../../../Engine/Content/Tutorial/BlueprintTutorials/BlueprintEditorTutorial.uasset" 461
"../../../Engine/Content/Tutorial/Basics/LevelEditorAttract.uasset" 462
"../../../Engine/Content/Tutorial/ContentIntroCurve.uasset" 463
"../../../Engine/Plugins/2D/Paper2D/Content/PlaceholderTextures/DummySpriteTexture.uasset" 464
"../../../Engine/Plugins/2D/Paper2D/Content/DefaultSpriteMaterial.uasset" 465
"../../../Engine/Plugins/2D/Paper2D/Content/MaskedUnlitSpriteMaterial.uasset" 466
"../../../Engine/Plugins/2D/Paper2D/Content/OpaqueUnlitSpriteMaterial.uasset" 467
"../../../Engine/Plugins/2D/Paper2D/Content/DummySpriteTexture.uasset" 468
"../../../Engine/Plugins/2D/Paper2D/Content/DummySprite.uasset" 469
"../../../Engine/Plugins/2D/Paper2D/Content/DefaultPaperTerrainMaterial.uasset" 470
"../../../Engine/Plugins/Runtime/LeapMotionController/Content/LM_CapsuleMesh.uasset" 471
"../../../Engine/Plugins/Runtime/LeapMotionController/Content/LM_TorusMesh.uasset" 472
"../../../Engine/Plugins/Runtime/LeapMotionController/Content/LM_HandColor.uasset" 473
"../../../Engine/Plugins/Runtime/LeapMotionController/Content/LM_SampleDistortion.uasset" 474
"../../../Engine/Plugins/Runtime/LeapMotionController/Content/LM_TestTexture.uasset" 475
"../../../Engine/Plugins/Runtime/LeapMotionController/Content/LM_PassthroughMaterial.uasset" 476
"../../../Engine/Content/BasicShapes/Cube.uasset" 477
"../../../Engine/Content/EngineMaterials/RemoveSurfaceMaterial.uasset" 478
"../../../Engine/Content/EngineDebugMaterials/DebugMeshMaterial.uasset" 479
"../../../Engine/Content/EngineMaterials/InvalidLightmapSettings.uasset" 480
"../../../Engine/Content/EngineMaterials/M_InvalidLightmapSettings.uasset" 481
"../../../Engine/Content/EditorMaterials/GizmoMaterial.uasset" 482
"../../../Engine/Content/EngineMaterials/Good64x64TilingNoiseHighFreq.uasset" 483
"../../../Engine/Content/EngineMaterials/DefaultBokeh.uasset" 484
"../../../Engine/Content/EngineMaterials/PreintegratedSkinBRDF.uasset" 485
"../../../Engine/Content/EngineMaterials/MiniFont.uasset" 486
"../../../Engine/Content/EngineMaterials/WeightMapPlaceholderTexture.uasset" 487
"../../../Engine/Content/EngineMaterials/DefaultWhiteGrid.uasset" 488
"../../../Engine/Content/EngineMaterials/DefaultPhysicalMaterial.uasset" 489
"../../../Engine/Content/EngineFonts/RobotoTiny.uasset" 490
"../../../SlamBot/Content/Materials/Physics/PM_CameraPawn.uasset" 491
"../../../SlamBot/Content/Blueprints/Pawn/BP_DebugPawn.uasset" 492
"../../../SlamBot/Content/UI/UI_ManualControllerWidget.uasset" 493
"../../../SlamBot/Content/Blueprints/PlayerController/BP_ManualRobotController.uasset" 494
"../../../SlamBot/Content/Blueprints/GameMode/BP_SimulationGameMode.uasset" 495
"../../../SlamBot/Content/Blueprints/BP_SimulationGameMode.uasset" 496
"../../../SlamBot/Content/UI/UI_ManualController.uasset" 497
"../../../SlamBot/Content/GTFreeMaterials/Textures/Ground_Dirt/Ground_Dirt_2k_g.uasset" 498
"../../../SlamBot/Content/GTFreeMaterials/Textures/Metal_sciFiCurveyWall/Metal_sciFiCurveyWall_2k_h.uasset" 499
"../../../SlamBot/Content/GTFreeMaterials/Textures/brick_guiGen/brick_guiGen_2k_g.uasset" 500
"../../../SlamBot/Content/GTFreeMaterials/Textures/Concrete_Square/Concrete_Square_2k_d.uasset" 501
"../../../SlamBot/Content/GTFreeMaterials/Textures/Ground_DirtBrownTan/Ground_DirtBrownTan_2k_ao.uasset" 502
"../../../SlamBot/Content/Materials/M_Basic.uasset" 503
"../../../Engine/Content/MobileResources/HUD/MobileHUDDirectionPad.uasset" 504
"../../../SlamBot/Content/GTFreeMaterials/Textures/Metal_RustedSolid/Metal_RustedSolid_2k_alb.uasset" 505
"../../../SlamBot/Content/GTFreeMaterials/Textures/Metal_SciFiMetalWalkWayPowered/Metal_SciFiMetalWalkWayPowered_2k_g.uasset" 506
"../../../SlamBot/Content/GTFreeMaterials/Textures/Wood_InterlockingFloor/Wood_InterlockingFloor_2k_s.uasset" 507
"../../../SlamBot/Content/GTFreeMaterials/Textures/Ground_GrassThickGreen/Ground_GrassThickGreen_2k_ao.uasset" 508
"../../../Engine/Content/EditorResources/AudioIcons/S_AudioComponent.uasset" 509
"../../../Engine/Content/EditorResources/AudioIcons/S_AudioComponent_AutoActivate.uasset" 510
"../../../Engine/Content/EditorResources/EmptyActor.uasset" 511
"../../../SlamBot/Content/GTFreeMaterials/Textures/brick_ancientDiagonal/brick_ancientDiagonal_2k_g.uasset" 512
"../../../SlamBot/Content/GTFreeMaterials/Textures/Ground_ClumpySnow/Ground_ClumpySnow_2k_d.uasset" 513
"../../../SlamBot/Content/GTFreeMaterials/Textures/Ground_ClumpySnow/Ground_ClumpySnow_2k_alb.uasset" 514
"../../../SlamBot/Content/StarterContent/Shapes/Shape_Cone.uasset" 515
"../../../SlamBot/Content/StarterContent/Shapes/Shape_Cylinder.uasset" 516
"../../../SlamBot/Content/StarterContent/Shapes/Shape_NarrowCapsule.uasset" 517
"../../../SlamBot/Content/StarterContent/Shapes/Shape_Pipe.uasset" 518
"../../../SlamBot/Content/StarterContent/Shapes/Shape_Pipe_180.uasset" 519
"../../../SlamBot/Content/StarterContent/Shapes/Shape_Pipe_90.uasset" 520
"../../../SlamBot/Content/StarterContent/Shapes/Shape_Plane.uasset" 521
"../../../SlamBot/Content/StarterContent/Shapes/Shape_Torus.uasset" 522
"../../../SlamBot/Content/StarterContent/Shapes/Shape_Trim.uasset" 523
"../../../SlamBot/Content/GTFreeMaterials/Textures/Metal_SciFiMetalWalkWayPowered/Metal_SciFiMetalWalkWayPowered_2k_n.uasset" 524
"../../../SlamBot/Content/GTFreeMaterials/Textures/Brick_BathStone/Brick_BathStone_2k_s.uasset" 525
"../../../SlamBot/Content/GTFreeMaterials/Textures/brick_ancientDiagonal/brick_ancientDiagonal_2k_s.uasset" 526
"../../../SlamBot/Content/GTFreeMaterials/Textures/Ground_ClumpySnow/Ground_ClumpySnow_2k_g.uasset" 527
"../../../SlamBot/Content/GTFreeMaterials/Textures/Metal_DiamondPlateSciFi/Metal_DiamondPlateSciFi_2k_ao.uasset" 528
"../../../SlamBot/Content/GTFreeMaterials/Textures/Metal_SciFiMetalWalkWayPowered/Metal_SciFiMetalWalkWayPowered_2k_h.uasset" 529
"../../../Engine/Content/MobileResources/HUD/MobileHUDButtonFire.uasset" 530
"../../../Engine/Content/MobileResources/HUD/T_Castle_ThumbstickInner.uasset" 531
"../../../SlamBot/Content/Blueprints/Robot/BP_ForceTread.uasset" 532
"../../../SlamBot/Content/Blueprints/Robot/BP_SimulatedForceRobot.uasset" 533
"../../../SlamBot/Content/StarterContent/Materials/M_ColorGrid_LowSpec.uasset" 534
"../../../SlamBot/Content/GTFreeMaterials/Textures/Brick_chicagoStyle/Brick_chicagoStyle_2k_d.uasset" 535
"../../../Engine/Content/EditorResources/S_KHinge.uasset" 536
"../../../Engine/Content/EditorResources/S_KBSJoint.uasset" 537
"../../../SlamBot/Content/GTFreeMaterials/Textures/Brick_chicagoStyle/Brick_chicagoStyle_2k_s.uasset" 538
"../../../SlamBot/Content/Blueprints/Robot/BP_Tread.uasset" 539
"../../../Engine/Content/MobileResources/HUD/MobileHUDDirectionStick.uasset" 540
"../../../Engine/Content/MobileResources/HUD/MobileHUDButton2_off.uasset" 541
"../../../SlamBot/Content/Materials/M_CeramicTile.uasset" 542
"../../../SlamBot/Content/GTFreeMaterials/Textures/Metal_SciFiMetalWalkWayPowered/Metal_SciFiMetalWalkWayPowered_2k_alb.uasset" 543
"../../../SlamBot/Content/GTFreeMaterials/Textures/Metal_BrushedSteel/Metal_BrushedSteel_2k_alb.uasset" 544
"../../../SlamBot/Content/GTFreeMaterials/Textures/Metal_LeadRough/Metal_LeadRough_2k_h.uasset" 545
"../../../SlamBot/Content/GTFreeMaterials/Textures/Brick_BathStone/Brick_BathStone_2k_d.uasset" 546
"../../../SlamBot/Content/GTFreeMaterials/Textures/brick_ancientDiagonal/brick_ancientDiagonal_2k_d.uasset" 547
"../../../SlamBot/Content/GTFreeMaterials/Textures/wood_JFfantasyWoodPlanksNailedClean/wood_JFfantasyWoodPlanksNailedClean_2k_g.uasset" 548
"../../../SlamBot/Content/GTFreeMaterials/Textures/Ground_ClumpySnow/Ground_ClumpySnow_2k_h.uasset" 549
"../../../SlamBot/Content/StarterContent/Shapes/Shape_WideCapsule.uasset" 550
"../../../SlamBot/Content/StarterContent/Shapes/Shape_Wedge_B.uasset" 551
"../../../SlamBot/Content/StarterContent/Shapes/Shape_Wedge_A.uasset" 552
"../../../SlamBot/Content/StarterContent/Shapes/Shape_Tube.uasset" 553
"../../../SlamBot/Content/StarterContent/Shapes/Shape_TriPyramid.uasset" 554
"../../../SlamBot/Content/StarterContent/Shapes/Shape_Trim_90_Out.uasset" 555
"../../../SlamBot/Content/StarterContent/Shapes/Shape_Trim_90_In.uasset" 556
"../../../Engine/Content/MobileResources/T_MobileMenu2.uasset" 557
"../../../SlamBot/Content/GTFreeMaterials/Textures/Metal_SciFiMetalWalkWayPowered/Metal_SciFiMetalWalkWayPowered_2k_ao.uasset" 558
"../../../SlamBot/Content/GTFreeMaterials/Textures/Ground_ClumpySnow/Ground_ClumpySnow_2k_n.uasset" 559
"../../../Engine/Content/MobileResources/HUD/MobileHUDButton1_on.uasset" 560
"../../../Engine/Content/MobileResources/HUD/MobileHUDDirectionPad3.uasset" 561
"../../../SlamBot/Content/GTFreeMaterials/Textures/Brick_GuiBigCastleWall/Brick_GuiBigCastleWall_2k_ao.uasset" 562
"../../../SlamBot/Content/GTFreeMaterials/Textures/Ground_ClumpySnow/Ground_ClumpySnow_2k_ao.uasset" 563
"../../../SlamBot/Content/GTFreeMaterials/Textures/Concrete_FlatSurface/Concrete_FlatSurface_2k_g.uasset" 564
"../../../SlamBot/Content/GTFreeMaterials/Textures/Brick_GuiBigCastleWall/Brick_GuiBigCastleWall_2k_g.uasset" 565
"../../../SlamBot/Content/GTFreeMaterials/Textures/brick_ancientDiagonal/brick_ancientDiagonal_2k_ao.uasset" 566
"../../../Engine/Content/MobileResources/HUD/MobileHUDButton2_on.uasset" 567
"../../../SlamBot/Content/GTFreeMaterials/Textures/Concrete_Square/Concrete_Square_2k_alb.uasset" 568
"../../../SlamBot/Content/GTFreeMaterials/Textures/Concrete_Square/Concrete_Square_2k_n.uasset" 569
"../../../SlamBot/Content/GTFreeMaterials/Materials/Concrete_Square.uasset" 570
"../../../SlamBot/Content/GTFreeMaterials/Textures/Wood_GeofwoodenPlankClean/Wood_GeofwoodenPlankClean_2k_s.uasset" 571
"../../../SlamBot/Content/GTFreeMaterials/Textures/Brick_chicagoStyle/Brick_chicagoStyle_2k_g.uasset" 572
"../../../SlamBot/Content/GTFreeMaterials/Textures/Metal_sciFiCurveyWall/Metal_sciFiCurveyWall_2k_d.uasset" 573
"../../../Engine/Content/MobileResources/HUD/MobileHUDButton3.uasset" 574
"../../../Engine/Content/MobileResources/T_MobileControls_texture.uasset" 575
"../../../SlamBot/Content/GTFreeMaterials/Textures/Brick_GuiBigCastleWall/Brick_GuiBigCastleWall_2k_mask.uasset" 576
"../../../Engine/Content/MobileResources/HUD/MobileHUDButton1_off.uasset" 577
"../../../SlamBot/Content/GTFreeMaterials/Textures/brick_guiGen/brick_guiGen_2k_alb.uasset" 578
"../../../Engine/Content/MobileResources/HUD/VirtualJoystick_Background.uasset" 579
"../../../Engine/Content/MobileResources/HUD/VirtualJoystick_Thumb.uasset" 580
"../../../Engine/Content/MobileResources/HUD/LeftVirtualJoystickOnly.uasset" 581
"../../../Engine/Content/EditorResources/LightIcons/S_LightError.uasset" 582
"../../../SlamBot/Content/GTFreeMaterials/Textures/Metal_SciFiMetalWalkWayPowered/Metal_SciFiMetalWalkWayPowered_2k_mask.uasset" 583
"../../../SlamBot/Content/GTFreeMaterials/Textures/Brick_GuiBigCastleWall/Brick_GuiBigCastleWall_2k_d.uasset" 584
"../../../SlamBot/Content/GTFreeMaterials/Textures/Rock_JaggedCaveWall/Rock_JaggedCaveWall_2k_s.uasset" 585
"../../../SlamBot/Content/GTFreeMaterials/Textures/Metal_sciFiCurveyWall/Metal_sciFiCurveyWall_2k_alb.uasset" 586
"../../../SlamBot/Content/GTFreeMaterials/Textures/Ground_DirtBrownTan/Ground_DirtBrownTan_2k_s.uasset" 587
"../../../SlamBot/Content/GTFreeMaterials/Textures/brick_guiGen/brick_guiGen_2k_h.uasset" 588
"../../../SlamBot/Content/GTFreeMaterials/Textures/Wood_GeofwoodenPlankClean/Wood_GeofwoodenPlankClean_2k_h.uasset" 589
"../../../SlamBot/Content/GTFreeMaterials/Textures/Brick_BathStone/Brick_BathStone_2k_g.uasset" 590
"../../../SlamBot/Content/GTFreeMaterials/Textures/Concrete_Square/Concrete_Square_2k_s.uasset" 591
"../../../SlamBot/Content/GTFreeMaterials/Textures/Tile_WoodAndTileOffsetPattern/Tile_WoodAndTileOffsetPattern_2k_ao.uasset" 592
"../../../SlamBot/Content/GTFreeMaterials/Textures/Concrete_FlatSurface/Concrete_FlatSurface_2k_s.uasset" 593
"../../../SlamBot/Content/GTFreeMaterials/Textures/Ground_guiFloodedMud/Ground_guiFloodedMud_2k_ao.uasset" 594
"../../../SlamBot/Content/GTFreeMaterials/Textures/Ground_GrassThickGreen/Ground_GrassThickGreen_2k_s.uasset" 595
"../../../SlamBot/Content/GTFreeMaterials/Textures/Concrete_Square/Concrete_Square_2k_g.uasset" 596
"../../../SlamBot/Content/GTFreeMaterials/Textures/Ground_MuddyGrass/Ground_MuddyGrass_2k_g.uasset" 597
"../../../SlamBot/Content/GTFreeMaterials/Textures/Rock_JaggedCaveWall/Rock_JaggedCaveWall_2k_ao.uasset" 598
"../../../SlamBot/Content/GTFreeMaterials/Textures/Metal_Gold/Metal_Gold_2k_alb.uasset" 599
"../../../SlamBot/Content/GTFreeMaterials/Textures/wood_JFfantasyWoodPlanksNailedClean/wood_JFfantasyWoodPlanksNailedClean_2k_d.uasset" 600
"../../../SlamBot/Content/GTFreeMaterials/Textures/Ground_ClumpySnow/Ground_ClumpySnow_2k_s.uasset" 601
"../../../SlamBot/Content/GTFreeMaterials/Textures/Metal_Gold/Metal_Gold_2k_n.uasset" 602
"../../../SlamBot/Content/GTFreeMaterials/Textures/Wood_GeofwoodenPlankClean/Wood_GeofwoodenPlankClean_2k_g.uasset" 603
"../../../SlamBot/Content/GTFreeMaterials/Textures/brick_ancientDiagonal/brick_ancientDiagonal_2k_h.uasset" 604
"../../../SlamBot/Content/GTFreeMaterials/Textures/Ground_guiFloodedMud/Ground_guiFloodedMud_2k_s.uasset" 605
"../../../SlamBot/Content/GTFreeMaterials/Textures/Ground_MuddyGrass/Ground_MuddyGrass_2k_h.uasset" 606
"../../../SlamBot/Content/GTFreeMaterials/Textures/Ground_MuddyGrass/Ground_MuddyGrass_2k_ao.uasset" 607
"../../../SlamBot/Content/GTFreeMaterials/Textures/Brick_BathStone/Brick_BathStone_2k_h.uasset" 608
"../../../Engine/Content/EditorMaterials/PhAT_JointLimitMaterial.uasset" 609
"../../../Engine/Content/EditorMaterials/PreviewShadowIndicator.uasset" 610
"../../../Engine/Content/EditorMaterials/PreviewShadowIndicatorMaterial.uasset" 611
"../../../Engine/Content/EditorResources/BSPVertex.uasset" 612
"../../../Engine/Content/EngineDebugMaterials/HeatmapGradient.uasset" 613
"../../../Engine/Content/EngineDebugMaterials/BoneWeightMaterial.uasset" 614
"../../../Engine/Content/EngineDebugMaterials/GeomMaterial.uasset" 615
"../../../Engine/Content/EngineMaterials/EditorBrushMaterial.uasset" 616
"../../../Engine/Content/MobileResources/HUD/AnalogHat.uasset" 617
"../../../Engine/Content/MobileResources/HUD/DefaultVirtualJoysticks.uasset" 618
"../../../Engine/Content/MobileResources/HUD/MobileHUDDirectionPad2.uasset" 619
"../../../Engine/Content/MobileResources/HUD/T_Castle_ThumbstickOutter.uasset" 620
"../../../Engine/Content/Tutorial/BlueprintTutorials/TutorialAssets/BlueprintInterface_64x.uasset" 621
"../../../Engine/Content/Tutorial/BlueprintTutorials/TutorialAssets/Tutorial_BP_Interface.uasset" 622
"../../../Engine/Content/Tutorial/BlueprintTutorials/BlueprintInterfacesEditorOverview.uasset" 623
"../../../Engine/Content/Tutorial/BlueprintTutorials/TutorialAssets/BlueprintMacroLibrary_64x.uasset" 624
"../../../Engine/Content/Tutorial/BlueprintTutorials/TutorialAssets/Tutorial_BP_MacroLib.uasset" 625
"../../../Engine/Content/Tutorial/BlueprintTutorials/BlueprintMacroLibrariesEditorOverview.uasset" 626
"../../../Engine/Content/Tutorial/BlueprintTutorials/LevelBlueprintEditorOverview.uasset" 627
"../../../Engine/Content/Tutorial/Foliage/TutorialAssets/Foliage.uasset" 628
"../../../Engine/Content/Tutorial/Foliage/Foliage_Settings_Tutorial.uasset" 629
"../../../Engine/Content/Tutorial/Foliage/Foliage_Using_The_Tool_Tutorial.uasset" 630
"../../../Engine/Content/Tutorial/Foliage/Foliage_Intro_Tutorial.uasset" 631
"../../../Engine/Content/Tutorial/Landscape/TutorialAssets/Landscape.uasset" 632
"../../../Engine/Content/Tutorial/Landscape/Landscape_Painting_Mode.uasset" 633
"../../../Engine/Content/Tutorial/Landscape/Landscape_Sculpt_Mode.uasset" 634
"../../../Engine/Content/Tutorial/Landscape/Landscape_Manage_Mode.uasset" 635
"../../../Engine/Content/Tutorial/Paper2D/TutorialAssets/Paper2DFlipbook_TutorialIcon.uasset" 636
"../../../Engine/Content/Tutorial/Paper2D/FlipbookEditorTutorial.uasset" 637
"../../../Engine/Content/Tutorial/Paper2D/TutorialAssets/Paper2DSprite_TutorialIcon.uasset" 638
"../../../Engine/Content/Tutorial/Paper2D/SpriteEditorTutorial.uasset" 639
"../../../Engine/Content/EditorMeshes/EditorCube.uasset" 640
"../../../Engine/Content/Tutorial/SubEditors/TutorialAssets/Tutorial_DM.uasset" 641
"../../../Engine/Content/Tutorial/SubEditors/DestructibleMeshEditorTutorial.uasset" 642
"../../../Engine/Content/Tutorial/SubEditors/TutorialAssets/TutorialMaterial.uasset" 643
"../../../Engine/Content/Tutorial/SubEditors/MaterialEditorTutorial.uasset" 644
"../../../Engine/Content/Tutorial/SubEditors/TutorialAssets/T_SmokeSubUV_8X8.uasset" 645
"../../../Engine/Content/Tutorial/SubEditors/TutorialAssets/T_soft_smoke.uasset" 646
"../../../Engine/Content/Tutorial/SubEditors/TutorialAssets/M_smoke_subUV_blackbody.uasset" 647
"../../../Engine/Content/Tutorial/SubEditors/TutorialAssets/TutorialParticleSystem.uasset" 648
"../../../Engine/Content/Tutorial/SubEditors/ParticleSystemEditorTutorial.uasset" 649
"../../../Engine/Content/Tutorial/SubEditors/TutorialAssets/icon_ShowSkeletalMeshes_40x.uasset" 650
"../../../Engine/Content/Tutorial/SubEditors/TutorialAssets/Character/TutorialTPP_Mat.uasset" 651
"../../../Engine/Content/Tutorial/SubEditors/TutorialAssets/Character/TutorialTPP_PhysicsAsset.uasset" 652
"../../../Engine/Content/Tutorial/SubEditors/TutorialAssets/Character/TutorialTPP.uasset" 653
"../../../Engine/Content/Tutorial/SubEditors/TutorialAssets/Character/TutorialTPP_Skeleton.uasset" 654
"../../../Engine/Content/Tutorial/SubEditors/TutorialAssets/Character/Tutorial_Idle.uasset" 655
"../../../Engine/Content/Tutorial/SubEditors/TutorialAssets/Character/Tutorial_Walk_Fwd.uasset" 656
"../../../Engine/Content/Tutorial/SubEditors/TutorialAssets/Character/NewBlendSpace1D.uasset" 657
"../../../Engine/Content/Tutorial/SubEditors/TutorialAssets/Character/TutorialCharacter.uasset" 658
"../../../Engine/Content/Tutorial/SubEditors/TutorialAssets/Character/TutorialTPP_AnimBlueprint.uasset" 659
"../../../Engine/Content/Tutorial/SubEditors/PersonaAnimBlueprintEditorWalkthrough.uasset" 660
"../../../Engine/Content/Tutorial/SubEditors/PersonaAnimEditorWalkthrough.uasset" 661
"../../../Engine/Content/EngineMeshes/Cube.uasset" 662
"../../../Engine/Content/Tutorial/SubEditors/StaticMeshEditorTutorial.uasset" 663
"../../../Engine/Content/Tutorial/SubEditors/TutorialAssets/icon_Editor_Preferences_General_40x.uasset" 664
"../../../SlamBot/Content/Blueprints/BP_BaseGameMode.uasset" 665
"../../../SlamBot/Content/Blueprints/BP_BaseRobot.uasset" 666
"../../../SlamBot/Content/Blueprints/PlayerController/BP_ManualPlayerController.uasset" 667
"../../../SlamBot/Content/Blueprints/BP_ManualPlayerController.uasset" 668
"../../../SlamBot/Content/Blueprints/Robot/BP_PhysicalRobot.uasset" 669
"../../../SlamBot/Content/Blueprints/BP_PhysicalRobot.uasset" 670
"../../../SlamBot/Content/Blueprints/BP_SimulatedRobot.uasset" 671
"../../../SlamBot/Content/Blueprints/BP_Robot.uasset" 672
"../../../SlamBot/Content/Blueprints/Util/BP_SpawnPosition.uasset" 673
"../../../SlamBot/Content/Blueprints/BP_SpawnPosition.uasset" 674
"../../../SlamBot/Content/Blueprints/BP_SerialDebugger.uasset" 675
"../../../SlamBot/Content/Blueprints/SerialDebugger.uasset" 676
"../../../SlamBot/Content/Blueprints/AI/BP_RobotAI.uasset" 677
"../../../SlamBot/Content/Blueprints/Experiments/ChildBlueprintPhysics/BP_ExperimentChild.uasset" 678
"../../../SlamBot/Content/Blueprints/Experiments/ChildBlueprintPhysics/BP_ExperimentParent.uasset" 679
"../../../SlamBot/Content/Meshes/Shapes/cube.uasset" 680
"../../../SlamBot/Content/Blueprints/Experiments/GearConstraint/BP_GearConstraint.uasset" 681
"../../../SlamBot/Content/Blueprints/Experiments/WheelMotor/BP_MotorConstraint.uasset" 682
"../../../SlamBot/Content/Blueprints/Pawn/BP_Pawn.uasset" 683
"../../../SlamBot/Content/Blueprints/PlayerController/BP_BasePlayerController.uasset" 684
"../../../SlamBot/Content/GTFreeMaterials/Textures/Metal_BrushedCopper/Metal_BrushedCopper_2k_alb.uasset" 685
"../../../SlamBot/Content/GTFreeMaterials/Textures/Metal_SciFiMetalWalkWayPowered/Metal_SciFiMetalWalkWayPowered_2k_s.uasset" 686
"../../../SlamBot/Content/Materials/Visual/M_PickerHandle.uasset" 687
"../../../SlamBot/Content/StarterContent/Architecture/Pillar_50x500.uasset" 688
"../../../SlamBot/Content/StarterContent/Architecture/Wall_400x300.uasset" 689
"../../../SlamBot/Content/StarterContent/Architecture/Wall_400x400.uasset" 690
"../../../SlamBot/Content/StarterContent/Architecture/Wall_500x500.uasset" 691
"../../../SlamBot/Content/StarterContent/Architecture/Wall_Door_400x400.uasset" 692
"../../../SlamBot/Content/StarterContent/Architecture/Wall_Window_400x400.uasset" 693
"../../../SlamBot/Content/StarterContent/Audio/Light01.uasset" 694
"../../../SlamBot/Content/StarterContent/Audio/Light01_Cue.uasset" 695
"../../../SlamBot/Content/StarterContent/Audio/Light02.uasset" 696
"../../../SlamBot/Content/StarterContent/Audio/Light02_Cue.uasset" 697
"../../../SlamBot/Content/StarterContent/Audio/Explosion01.uasset" 698
"../../../SlamBot/Content/StarterContent/Audio/Explosion02.uasset" 699
"../../../SlamBot/Content/StarterContent/Audio/Explosion_Cue.uasset" 700
"../../../SlamBot/Content/StarterContent/Textures/T_Burst_M.uasset" 701
"../../../SlamBot/Content/StarterContent/Particles/Materials/M_Burst.uasset" 702
"../../../SlamBot/Content/StarterContent/Textures/T_Explosion_SubUV.uasset" 703
"../../../SlamBot/Content/StarterContent/Particles/Materials/M_explosion_subUV.uasset" 704
"../../../SlamBot/Content/StarterContent/Particles/Materials/m_flare_01.uasset" 705
"../../../SlamBot/Content/StarterContent/Particles/Materials/M_radial_ramp.uasset" 706
"../../../SlamBot/Content/StarterContent/Particles/P_Explosion.uasset" 707
"../../../SlamBot/Content/StarterContent/Blueprints/Blueprint_Effect_Explosion.uasset" 708
"../../../SlamBot/Content/StarterContent/Textures/T_Bush_D.uasset" 709
"../../../SlamBot/Content/StarterContent/Textures/T_Bush_N.uasset" 710
"../../../SlamBot/Content/StarterContent/Props/Materials/M_Bush.uasset" 711
"../../../SlamBot/Content/StarterContent/Props/SM_Bush.uasset" 712
"../../../SlamBot/Content/StarterContent/Props/SM_Couch.uasset" 713
"../../../SlamBot/Content/StarterContent/Props/SM_Door.uasset" 714
"../../../SlamBot/Content/StarterContent/Props/Materials/M_MaterialSphere.uasset" 715
"../../../SlamBot/Content/StarterContent/Props/Materials/M_MaterialSphere_Plain.uasset" 716
"../../../SlamBot/Content/StarterContent/Props/SM_MatPreviewMesh_02.uasset" 717
"../../../SlamBot/Content/StarterContent/Textures/T_RockMesh_M.uasset" 718
"../../../SlamBot/Content/StarterContent/Textures/T_RockMesh_N.uasset" 719
"../../../SlamBot/Content/StarterContent/Props/Materials/M_Rock.uasset" 720
"../../../SlamBot/Content/StarterContent/Props/SM_Rock.uasset" 721
"../../../SlamBot/Content/StarterContent/Textures/T_Shelf_M.uasset" 722
"../../../SlamBot/Content/StarterContent/Textures/T_Shelf_N.uasset" 723
"../../../SlamBot/Content/StarterContent/Props/Materials/M_Shelf.uasset" 724
"../../../SlamBot/Content/StarterContent/Props/SM_Shelf.uasset" 725
"../../../SlamBot/Content/StarterContent/Props/SM_Stairs.uasset" 726
